<?xml version="1.0" encoding="UTF-8"?>
<robot generator="Robot 5.0 (Python 3.10.4 on win32)" generated="20221206 17:43:59.738" rpa="false" schemaversion="3">
<suite id="s1" name="Deckofcards" source="C:\Users\higor_mesquita\Documents\HST\PDI\2_PDI\Deckofcards">
<suite id="s1-s1" name="Tests" source="C:\Users\higor_mesquita\Documents\HST\PDI\2_PDI\Deckofcards\tests">
<suite id="s1-s1-s1" name="Apartialdeck Tc" source="C:\Users\higor_mesquita\Documents\HST\PDI\2_PDI\Deckofcards\tests\apartialdeck_tc.robot">
<kw name="Conexao com API" library="services" type="SETUP">
<kw name="Create Session" library="RequestsLibrary">
<arg>${alias}</arg>
<arg>${baseurl}</arg>
<arg>disable_warnings=1</arg>
<doc>Create Session: create a HTTP session to a server</doc>
<msg timestamp="20221206 17:43:59.937" level="INFO">Creating Session using : alias=deckofcards, url=http://deckofcardsapi.com/api/deck/, headers={},                     cookies={}, auth=None, timeout=None, proxies=None, verify=False,                     debug=0 </msg>
<status status="PASS" starttime="20221206 17:43:59.936" endtime="20221206 17:43:59.938"/>
</kw>
<status status="PASS" starttime="20221206 17:43:59.935" endtime="20221206 17:43:59.938"/>
</kw>
<test id="s1-s1-s1-t1" name="CT-01 - Validar criação de um deck parcial com sucesso" line="7">
<kw name="Dado que eu faça a criação de um deck parcial" library="apartialdeck_steps">
<kw name="GET On Session" library="RequestsLibrary">
<var>${response}</var>
<arg>${alias}</arg>
<arg>url=${baseurl}new/shuffle/?cards=AS,2S,KS,AD,2D,KD,AC,2C,KC,AH,2H,KH</arg>
<doc>Sends a GET request on a previously created HTTP Session.</doc>
<msg timestamp="20221206 17:44:01.103" level="INFO">GET Request : url=http://deckofcardsapi.com/api/deck/new/shuffle/?cards=AS,2S,KS,AD,2D,KD,AC,2C,KC,AH,2H,KH (redirected) 
 path_url=/api/deck/new/shuffle/?cards=AS,2S,KS,AD,2D,KD,AC,2C,KC,AH,2H,KH 
 headers={'User-Agent': 'python-requests/2.27.1', 'Accept-Encoding': 'gzip, deflate', 'Accept': '*/*', 'Connection': 'keep-alive'} 
 body=None 
 </msg>
<msg timestamp="20221206 17:44:01.105" level="INFO">GET Response : url=https://deckofcardsapi.com/api/deck/new/shuffle/?cards=AS,2S,KS,AD,2D,KD,AC,2C,KC,AH,2H,KH 
 status=200, reason=OK 
 headers={'Date': 'Tue, 06 Dec 2022 20:44:01 GMT', 'Content-Type': 'application/json', 'Transfer-Encoding': 'chunked', 'Connection': 'keep-alive', 'Access-Control-Allow-Origin': '*', 'X-Content-Type-Options': 'nosniff', 'Referrer-Policy': 'same-origin', 'X-Frame-Options': 'DENY', 'Vary': 'Origin', 'CF-Cache-Status': 'DYNAMIC', 'Report-To': '{"endpoints":[{"url":"https:\\/\\/a.nel.cloudflare.com\\/report\\/v3?s=rKU8xev15BtmHfmuqVtxhdSsn8byJ1YWVBVOiOYb52V3s8mfGva0TP0HIDr2AFALFvcw2OWAH6NycqfPvW8u9OkyWv2ooAO%2F8RBifBD%2Bsj7Lp04HFcHh6w8xUZVo7mhaQyEFXOI%3D"}],"group":"cf-nel","max_age":604800}', 'NEL': '{"success_fraction":0,"report_to":"cf-nel","max_age":604800}', 'Server': 'cloudflare', 'CF-RAY': '7757db66cb1aa690-GRU', 'Content-Encoding': 'gzip', 'alt-svc': 'h3=":443"; ma=86400, h3-29=":443"; ma=86400'} 
 body={"success": true, "deck_id": "6yxp8lzmkgrl", "remaining": 12, "shuffled": true} 
 </msg>
<msg timestamp="20221206 17:44:01.108" level="INFO">${response} = &lt;Response [200]&gt;</msg>
<status status="PASS" starttime="20221206 17:43:59.942" endtime="20221206 17:44:01.110"/>
</kw>
<kw name="Set Test Variable" library="BuiltIn">
<arg>${response}</arg>
<doc>Makes a variable available everywhere within the scope of the current test.</doc>
<msg timestamp="20221206 17:44:01.115" level="INFO">${response} = &lt;Response [200]&gt;</msg>
<status status="PASS" starttime="20221206 17:44:01.111" endtime="20221206 17:44:01.117"/>
</kw>
<status status="PASS" starttime="20221206 17:43:59.941" endtime="20221206 17:44:01.117"/>
</kw>
<kw name="Quando eu verificar que o response tem status &quot;200&quot; e &quot;OK&quot;" library="abrandnewdeck_steps" sourcename="Quando eu verificar que o response tem status &quot;${sc}&quot; e &quot;${s}&quot;">
<kw name="Status Should Be" library="RequestsLibrary">
<arg>${sc}</arg>
<arg>${response}</arg>
<doc>Fails if response status code is different than the expected.</doc>
<status status="PASS" starttime="20221206 17:44:01.123" endtime="20221206 17:44:01.125"/>
</kw>
<status status="PASS" starttime="20221206 17:44:01.120" endtime="20221206 17:44:01.126"/>
</kw>
<kw name="Então devo ter sucesso nas respostas dos campos da requisição de deck parcial" library="apartialdeck_steps">
<kw name="Should Be Equal" library="BuiltIn">
<arg>${response.json()['success']}</arg>
<arg>${True}</arg>
<doc>Fails if the given objects are unequal.</doc>
<status status="PASS" starttime="20221206 17:44:01.128" endtime="20221206 17:44:01.132"/>
</kw>
<kw name="Length Should Be" library="BuiltIn">
<arg>${response.json()['deck_id']}</arg>
<arg>12</arg>
<doc>Verifies that the length of the given item is correct.</doc>
<msg timestamp="20221206 17:44:01.136" level="INFO">Length is 12</msg>
<status status="PASS" starttime="20221206 17:44:01.133" endtime="20221206 17:44:01.138"/>
</kw>
<kw name="Status Should Be" library="RequestsLibrary">
<arg>200</arg>
<arg>${response}</arg>
<doc>Fails if response status code is different than the expected.</doc>
<status status="PASS" starttime="20221206 17:44:01.138" endtime="20221206 17:44:01.143"/>
</kw>
<status status="PASS" starttime="20221206 17:44:01.127" endtime="20221206 17:44:01.145"/>
</kw>
<kw name="E pegar o valor do campo deck_id_partial" library="apartialdeck_steps">
<kw name="Get Value From Json" library="JSONLibrary">
<var>${deck_id_parcial}</var>
<arg>${response.json()}</arg>
<arg>$.deck_id</arg>
<doc>Get Value From JSON using JSONPath</doc>
<msg timestamp="20221206 17:44:01.234" level="INFO">${deck_id_parcial} = ['6yxp8lzmkgrl']</msg>
<status status="PASS" starttime="20221206 17:44:01.170" endtime="20221206 17:44:01.235"/>
</kw>
<kw name="Set Test Variable" library="BuiltIn">
<arg>${deck_id_parcial}</arg>
<doc>Makes a variable available everywhere within the scope of the current test.</doc>
<msg timestamp="20221206 17:44:01.236" level="INFO">${deck_id_parcial} = ['6yxp8lzmkgrl']</msg>
<status status="PASS" starttime="20221206 17:44:01.235" endtime="20221206 17:44:01.237"/>
</kw>
<status status="PASS" starttime="20221206 17:44:01.168" endtime="20221206 17:44:01.237"/>
</kw>
<status status="PASS" starttime="20221206 17:43:59.939" endtime="20221206 17:44:01.238"/>
</test>
<doc>Esse arquivo contém os cenários de teste da API pública Deck of Cards</doc>
<status status="PASS" starttime="20221206 17:43:59.779" endtime="20221206 17:44:01.240"/>
</suite>
<status status="PASS" starttime="20221206 17:43:59.773" endtime="20221206 17:44:01.245"/>
</suite>
<status status="PASS" starttime="20221206 17:43:59.743" endtime="20221206 17:44:01.250"/>
</suite>
<statistics>
<total>
<stat pass="1" fail="0" skip="0">All Tests</stat>
</total>
<tag>
</tag>
<suite>
<stat pass="1" fail="0" skip="0" id="s1" name="Deckofcards">Deckofcards</stat>
<stat pass="1" fail="0" skip="0" id="s1-s1" name="Tests">Deckofcards.Tests</stat>
<stat pass="1" fail="0" skip="0" id="s1-s1-s1" name="Apartialdeck Tc">Deckofcards.Tests.Apartialdeck Tc</stat>
</suite>
</statistics>
<errors>
</errors>
</robot>
