<?xml version="1.0" encoding="UTF-8"?>
<robot generator="Robot 5.0 (Python 3.10.4 on win32)" generated="20221117 11:57:21.485" rpa="false" schemaversion="3">
<suite id="s1" name="Deckofcards" source="C:\Users\higor_mesquita\Documents\HST\PDI\2_PDI\Deckofcards">
<suite id="s1-s1" name="Tests" source="C:\Users\higor_mesquita\Documents\HST\PDI\2_PDI\Deckofcards\tests">
<suite id="s1-s1-s1" name="Abrandnewdeck Tc" source="C:\Users\higor_mesquita\Documents\HST\PDI\2_PDI\Deckofcards\tests\abrandnewdeck_tc.robot">
<kw name="Conexao com API" library="services" type="SETUP">
<kw name="Create Session" library="RequestsLibrary">
<arg>${alias}</arg>
<arg>${baseurl}</arg>
<arg>disable_warnings=1</arg>
<doc>Create Session: create a HTTP session to a server</doc>
<msg timestamp="20221117 11:57:21.679" level="INFO">Creating Session using : alias=deckofcards, url=http://deckofcardsapi.com/api/deck/, headers={},                     cookies={}, auth=None, timeout=None, proxies=None, verify=False,                     debug=0 </msg>
<status status="PASS" starttime="20221117 11:57:21.678" endtime="20221117 11:57:21.680"/>
</kw>
<status status="PASS" starttime="20221117 11:57:21.677" endtime="20221117 11:57:21.680"/>
</kw>
<test id="s1-s1-s1-t1" name="CT-01 - Validar a criação com sucesso de um novo deck de cartas" line="7">
<kw name="Dado que eu faça uma requisição GET na API Deck of Cards" library="abrandnewdeck_steps">
<kw name="GET On Session" library="RequestsLibrary">
<var>${response}</var>
<arg>${alias}</arg>
<arg>url=${baseurl}new/</arg>
<doc>Sends a GET request on a previously created HTTP Session.</doc>
<msg timestamp="20221117 11:57:22.808" level="INFO">GET Request : url=http://deckofcardsapi.com/api/deck/new/ (redirected) 
 path_url=/api/deck/new/ 
 headers={'User-Agent': 'python-requests/2.27.1', 'Accept-Encoding': 'gzip, deflate', 'Accept': '*/*', 'Connection': 'keep-alive'} 
 body=None 
 </msg>
<msg timestamp="20221117 11:57:22.810" level="INFO">GET Response : url=https://deckofcardsapi.com/api/deck/new/ 
 status=200, reason=OK 
 headers={'Date': 'Thu, 17 Nov 2022 14:57:22 GMT', 'Content-Type': 'application/json', 'Transfer-Encoding': 'chunked', 'Connection': 'keep-alive', 'Access-Control-Allow-Origin': '*', 'X-Content-Type-Options': 'nosniff', 'Referrer-Policy': 'same-origin', 'X-Frame-Options': 'DENY', 'Vary': 'Origin', 'CF-Cache-Status': 'DYNAMIC', 'Report-To': '{"endpoints":[{"url":"https:\\/\\/a.nel.cloudflare.com\\/report\\/v3?s=v6ku234H90S6OhXThvYnnVrWOxZylxam5hckm1wHW0ntMm3Vu7CCHMbH8%2BWeoyOzx3T9wjoJtunqbqSyxSCADpwI51BsnFlrQrGWmSBsw53KpUFAN6JnidTKiFVTE%2Fcq9copBQnGGqYfr2HfJ%2BjMmfI%3D"}],"group":"cf-nel","max_age":604800}', 'NEL': '{"success_fraction":0,"report_to":"cf-nel","max_age":604800}', 'Server': 'cloudflare', 'CF-RAY': '76b9517dcca5a601-GRU', 'Content-Encoding': 'gzip', 'alt-svc': 'h3=":443"; ma=86400, h3-29=":443"; ma=86400'} 
 body={"success": true, "deck_id": "63qc40onsnab", "remaining": 52, "shuffled": false} 
 </msg>
<msg timestamp="20221117 11:57:22.812" level="INFO">${response} = &lt;Response [200]&gt;</msg>
<status status="PASS" starttime="20221117 11:57:21.685" endtime="20221117 11:57:22.813"/>
</kw>
<kw name="Set Test Variable" library="BuiltIn">
<arg>${response}</arg>
<doc>Makes a variable available everywhere within the scope of the current test.</doc>
<msg timestamp="20221117 11:57:22.815" level="INFO">${response} = &lt;Response [200]&gt;</msg>
<status status="PASS" starttime="20221117 11:57:22.813" endtime="20221117 11:57:22.817"/>
</kw>
<kw name="Get Value From Json" library="JSONLibrary">
<var>${remaining}</var>
<arg>${response.json()}</arg>
<arg>$.remaining</arg>
<doc>Get Value From JSON using JSONPath</doc>
<msg timestamp="20221117 11:57:22.846" level="INFO">${remaining} = [52]</msg>
<status status="PASS" starttime="20221117 11:57:22.817" endtime="20221117 11:57:22.847"/>
</kw>
<kw name="Set Global Variable" library="BuiltIn">
<arg>${remaining}</arg>
<doc>Makes a variable available globally in all tests and suites.</doc>
<msg timestamp="20221117 11:57:22.849" level="INFO">${remaining} = [52]</msg>
<status status="PASS" starttime="20221117 11:57:22.848" endtime="20221117 11:57:22.851"/>
</kw>
<kw name="Log" library="BuiltIn">
<arg>${remaining}</arg>
<doc>Logs the given message with the given level.</doc>
<msg timestamp="20221117 11:57:22.852" level="INFO">[52]</msg>
<status status="PASS" starttime="20221117 11:57:22.851" endtime="20221117 11:57:22.853"/>
</kw>
<status status="PASS" starttime="20221117 11:57:21.684" endtime="20221117 11:57:22.854"/>
</kw>
<kw name="Quando eu verificar que o response tem status &quot;200&quot; e &quot;OK&quot;" library="abrandnewdeck_steps" sourcename="Quando eu verificar que o response tem status &quot;${sc}&quot; e &quot;${s}&quot;">
<kw name="Status Should Be" library="RequestsLibrary">
<arg>${sc}</arg>
<arg>${response}</arg>
<doc>Fails if response status code is different than the expected.</doc>
<status status="PASS" starttime="20221117 11:57:22.857" endtime="20221117 11:57:22.858"/>
</kw>
<status status="PASS" starttime="20221117 11:57:22.855" endtime="20221117 11:57:22.859"/>
</kw>
<kw name="Então devo ter sucesso nas respostas dos campos" library="abrandnewdeck_steps">
<kw name="Should Be Equal" library="BuiltIn">
<arg>${response.json()['success']}</arg>
<arg>${True}</arg>
<doc>Fails if the given objects are unequal.</doc>
<status status="PASS" starttime="20221117 11:57:22.861" endtime="20221117 11:57:22.862"/>
</kw>
<kw name="Length Should Be" library="BuiltIn">
<arg>${response.json()['deck_id']}</arg>
<arg>12</arg>
<doc>Verifies that the length of the given item is correct.</doc>
<msg timestamp="20221117 11:57:22.863" level="INFO">Length is 12</msg>
<status status="PASS" starttime="20221117 11:57:22.862" endtime="20221117 11:57:22.864"/>
</kw>
<kw name="Should Be Equal" library="BuiltIn">
<arg>${response.json()['shuffled']}</arg>
<arg>${False}</arg>
<doc>Fails if the given objects are unequal.</doc>
<status status="PASS" starttime="20221117 11:57:22.865" endtime="20221117 11:57:22.867"/>
</kw>
<kw name="Log" library="BuiltIn">
<arg>${response.json()}</arg>
<doc>Logs the given message with the given level.</doc>
<msg timestamp="20221117 11:57:22.869" level="INFO">{'success': True, 'deck_id': '63qc40onsnab', 'remaining': 52, 'shuffled': False}</msg>
<status status="PASS" starttime="20221117 11:57:22.868" endtime="20221117 11:57:22.870"/>
</kw>
<status status="PASS" starttime="20221117 11:57:22.860" endtime="20221117 11:57:22.871"/>
</kw>
<kw name="E pegar o valor do campo deck_id" library="abrandnewdeck_steps">
<kw name="Get Value From Json" library="JSONLibrary">
<var>${deck_id_new}</var>
<arg>${response.json()}</arg>
<arg>$.deck_id</arg>
<doc>Get Value From JSON using JSONPath</doc>
<msg timestamp="20221117 11:57:22.916" level="INFO">${deck_id_new} = ['63qc40onsnab']</msg>
<status status="PASS" starttime="20221117 11:57:22.873" endtime="20221117 11:57:22.918"/>
</kw>
<kw name="Set Global Variable" library="BuiltIn">
<arg>${deck_id_new}</arg>
<doc>Makes a variable available globally in all tests and suites.</doc>
<msg timestamp="20221117 11:57:22.921" level="INFO">${deck_id_new} = ['63qc40onsnab']</msg>
<status status="PASS" starttime="20221117 11:57:22.919" endtime="20221117 11:57:22.922"/>
</kw>
<status status="PASS" starttime="20221117 11:57:22.872" endtime="20221117 11:57:22.923"/>
</kw>
<status status="PASS" starttime="20221117 11:57:21.682" endtime="20221117 11:57:22.923"/>
</test>
<test id="s1-s1-s1-t2" name="CT-02 - Validar a criação sem sucesso de um novo deck de cartas" line="13">
<kw name="Dado que eu faça uma requisição GET na API Deck of Cards incorreta" library="abrandnewdeck_steps">
<kw name="GET On Session" library="RequestsLibrary">
<var>${response}</var>
<arg>${alias}</arg>
<arg>url=${baseurl}old/</arg>
<arg>expected_status=404</arg>
<doc>Sends a GET request on a previously created HTTP Session.</doc>
<msg timestamp="20221117 11:57:23.329" level="INFO">GET Request : url=http://deckofcardsapi.com/api/deck/old/ (redirected) 
 path_url=/api/deck/old/ 
 headers={'User-Agent': 'python-requests/2.27.1', 'Accept-Encoding': 'gzip, deflate', 'Accept': '*/*', 'Connection': 'keep-alive'} 
 body=None 
 </msg>
<msg timestamp="20221117 11:57:23.332" level="INFO">GET Response : url=https://deckofcardsapi.com/api/deck/old/ 
 status=404, reason=Not Found 
 headers={'Date': 'Thu, 17 Nov 2022 14:57:22 GMT', 'Content-Type': 'application/json', 'Transfer-Encoding': 'chunked', 'Connection': 'keep-alive', 'Access-Control-Allow-Origin': '*', 'X-Content-Type-Options': 'nosniff', 'Referrer-Policy': 'same-origin', 'X-Frame-Options': 'DENY', 'Vary': 'Origin', 'CF-Cache-Status': 'DYNAMIC', 'Report-To': '{"endpoints":[{"url":"https:\\/\\/a.nel.cloudflare.com\\/report\\/v3?s=Kuk9mLUdqSw9cxBegvTFOB7iWUPXhkppg%2Bdt%2BUyPMcZrrrutRVbyGgV25%2BwhzsSh25covKHzHtEBvRf%2BAj458l8aeG%2BFePuGdXL2VHICQ2zaff7Hsb86rEMnuL6e%2BkJg5XdyoYHO4mxKApVo9JbwugM%3D"}],"group":"cf-nel","max_age":604800}', 'NEL': '{"success_fraction":0,"report_to":"cf-nel","max_age":604800}', 'Server': 'cloudflare', 'CF-RAY': '76b951832947a601-GRU', 'Content-Encoding': 'gzip', 'alt-svc': 'h3=":443"; ma=86400, h3-29=":443"; ma=86400'} 
 body={"success": false, "error": "Deck ID does not exist."} 
 </msg>
<msg timestamp="20221117 11:57:23.334" level="INFO">${response} = &lt;Response [404]&gt;</msg>
<status status="PASS" starttime="20221117 11:57:22.929" endtime="20221117 11:57:23.336"/>
</kw>
<kw name="Set Test Variable" library="BuiltIn">
<arg>${response}</arg>
<doc>Makes a variable available everywhere within the scope of the current test.</doc>
<msg timestamp="20221117 11:57:23.337" level="INFO">${response} = &lt;Response [404]&gt;</msg>
<status status="PASS" starttime="20221117 11:57:23.336" endtime="20221117 11:57:23.338"/>
</kw>
<kw name="Get Value From Json" library="JSONLibrary">
<var>${success}</var>
<arg>${response.json()}</arg>
<arg>$.success</arg>
<doc>Get Value From JSON using JSONPath</doc>
<msg timestamp="20221117 11:57:23.363" level="INFO">${success} = [False]</msg>
<status status="PASS" starttime="20221117 11:57:23.339" endtime="20221117 11:57:23.364"/>
</kw>
<kw name="Get Value From Json" library="JSONLibrary">
<var>${error}</var>
<arg>${response.json()}</arg>
<arg>$.error</arg>
<doc>Get Value From JSON using JSONPath</doc>
<msg timestamp="20221117 11:57:23.388" level="INFO">${error} = ['Deck ID does not exist.']</msg>
<status status="PASS" starttime="20221117 11:57:23.364" endtime="20221117 11:57:23.389"/>
</kw>
<kw name="Set Global Variable" library="BuiltIn">
<arg>${success}</arg>
<doc>Makes a variable available globally in all tests and suites.</doc>
<msg timestamp="20221117 11:57:23.390" level="INFO">${success} = [False]</msg>
<status status="PASS" starttime="20221117 11:57:23.389" endtime="20221117 11:57:23.391"/>
</kw>
<kw name="Set Global Variable" library="BuiltIn">
<arg>${error}</arg>
<doc>Makes a variable available globally in all tests and suites.</doc>
<msg timestamp="20221117 11:57:23.392" level="INFO">${error} = ['Deck ID does not exist.']</msg>
<status status="PASS" starttime="20221117 11:57:23.391" endtime="20221117 11:57:23.393"/>
</kw>
<kw name="Log" library="BuiltIn">
<arg>${success}</arg>
<doc>Logs the given message with the given level.</doc>
<msg timestamp="20221117 11:57:23.394" level="INFO">[False]</msg>
<status status="PASS" starttime="20221117 11:57:23.393" endtime="20221117 11:57:23.396"/>
</kw>
<kw name="Log" library="BuiltIn">
<arg>${error}</arg>
<doc>Logs the given message with the given level.</doc>
<msg timestamp="20221117 11:57:23.398" level="INFO">['Deck ID does not exist.']</msg>
<status status="PASS" starttime="20221117 11:57:23.396" endtime="20221117 11:57:23.400"/>
</kw>
<status status="PASS" starttime="20221117 11:57:22.928" endtime="20221117 11:57:23.401"/>
</kw>
<kw name="Quando eu verificar que o response tem status &quot;404&quot; e &quot;Not Found&quot;" library="abrandnewdeck_steps" sourcename="Quando eu verificar que o response tem status &quot;${sc}&quot; e &quot;${s}&quot;">
<kw name="Status Should Be" library="RequestsLibrary">
<arg>${sc}</arg>
<arg>${response}</arg>
<doc>Fails if response status code is different than the expected.</doc>
<status status="PASS" starttime="20221117 11:57:23.403" endtime="20221117 11:57:23.404"/>
</kw>
<status status="PASS" starttime="20221117 11:57:23.402" endtime="20221117 11:57:23.404"/>
</kw>
<kw name="Então devo ter falha nas respostas dos campos" library="abrandnewdeck_steps">
<kw name="Should Be Equal" library="BuiltIn">
<arg>${response.json()['success']}</arg>
<arg>${false}</arg>
<doc>Fails if the given objects are unequal.</doc>
<status status="PASS" starttime="20221117 11:57:23.406" endtime="20221117 11:57:23.407"/>
</kw>
<kw name="Should Be Equal" library="BuiltIn">
<arg>${response.json()['error']}</arg>
<arg>Deck ID does not exist.</arg>
<doc>Fails if the given objects are unequal.</doc>
<status status="PASS" starttime="20221117 11:57:23.408" endtime="20221117 11:57:23.409"/>
</kw>
<kw name="Log" library="BuiltIn">
<arg>${response.json()}</arg>
<doc>Logs the given message with the given level.</doc>
<msg timestamp="20221117 11:57:23.410" level="INFO">{'success': False, 'error': 'Deck ID does not exist.'}</msg>
<status status="PASS" starttime="20221117 11:57:23.409" endtime="20221117 11:57:23.411"/>
</kw>
<status status="PASS" starttime="20221117 11:57:23.405" endtime="20221117 11:57:23.412"/>
</kw>
<status status="PASS" starttime="20221117 11:57:22.926" endtime="20221117 11:57:23.413"/>
</test>
<doc>Esse arquivo contém os cenários de teste da API pública Deck of Cards</doc>
<status status="PASS" starttime="20221117 11:57:21.527" endtime="20221117 11:57:23.417"/>
</suite>
<status status="PASS" starttime="20221117 11:57:21.520" endtime="20221117 11:57:23.422"/>
</suite>
<status status="PASS" starttime="20221117 11:57:21.491" endtime="20221117 11:57:23.427"/>
</suite>
<statistics>
<total>
<stat pass="2" fail="0" skip="0">All Tests</stat>
</total>
<tag>
</tag>
<suite>
<stat pass="2" fail="0" skip="0" id="s1" name="Deckofcards">Deckofcards</stat>
<stat pass="2" fail="0" skip="0" id="s1-s1" name="Tests">Deckofcards.Tests</stat>
<stat pass="2" fail="0" skip="0" id="s1-s1-s1" name="Abrandnewdeck Tc">Deckofcards.Tests.Abrandnewdeck Tc</stat>
</suite>
</statistics>
<errors>
</errors>
</robot>
